<?xml version="1.0" encoding="UTF-8"?>
<!-- Generated by org.testng.reporters.JUnitReportReporter -->
<testsuite hostname="Nagajothis-MacBook-Pro.local" failures="0" tests="3" name="testNGMethods.DataProviderWithExcel" time="109.635" errors="0" timestamp="2023-06-23T14:57:35 NZST" skipped="0">
  <testcase classname="testNGMethods.DataProviderWithExcel" name="verifyLogin" time="36.226"/>
  <system-out/>
  <testcase classname="testNGMethods.DataProviderWithExcel" name="verifyLogin" time="39.021"/>
  <system-out/>
  <testcase classname="testNGMethods.DataProviderWithExcel" name="verifyLogin" time="34.388"/>
  <system-out/>
</testsuite> <!-- testNGMethods.DataProviderWithExcel -->
