<?xml version="1.0" encoding="UTF-8"?>
<!-- Generated by org.testng.reporters.JUnitReportReporter -->
<testsuite hostname="Nagajothis-MacBook-Pro.local" failures="0" tests="4" name="testNGMethods.CrossBrowserTest" time="89.986" errors="0" timestamp="2023-06-23T18:58:30 NZST" skipped="2">
  <testcase classname="testNGMethods.CrossBrowserTest" name="verifyLogin" time="45.361"/>
  <system-out/>
  <testcase classname="testNGMethods.CrossBrowserTest" name="verifyLogin" time="44.625"/>
  <system-out/>
  <testcase classname="testNGMethods.CrossBrowserTest" name="registration">
    <skipped/>
  </testcase> <!-- registration -->
  <system-out/>
  <testcase classname="testNGMethods.CrossBrowserTest" name="registration">
    <skipped/>
  </testcase> <!-- registration -->
  <system-out/>
</testsuite> <!-- testNGMethods.CrossBrowserTest -->
