<?xml version="1.0" encoding="UTF-8"?>
<!-- Generated by org.testng.reporters.JUnitReportReporter -->
<testsuite hostname="Nagajothis-MacBook-Pro.local" failures="0" tests="3" name="testNGMethods.ParameterSuiteLevel" time="0.011" errors="0" timestamp="2023-06-22T19:42:32 NZST" skipped="0">
  <testcase classname="testNGMethods.ParameterSuiteLevel" name="prameterTestTwo" time="0.001"/>
  <system-out/>
  <testcase classname="testNGMethods.ParameterSuiteLevel" name="prameterTestOne" time="0.009"/>
  <system-out/>
  <testcase classname="testNGMethods.ParameterSuiteLevel" name="prameterTestThree" time="0.001"/>
  <system-out/>
</testsuite> <!-- testNGMethods.ParameterSuiteLevel -->
