<?xml version="1.0" encoding="UTF-8"?>
<!-- Generated by org.testng.reporters.JUnitReportReporter -->
<testsuite hostname="Nagajothis-MacBook-Pro.local" failures="0" tests="3" name="testNGMethods.FirstTestNGTest" time="32.340" errors="0" timestamp="2023-06-20T20:00:09 NZST" skipped="0">
  <testcase classname="testNGMethods.FirstTestNGTest" name="setUp" time="7.115"/>
  <testcase classname="testNGMethods.FirstTestNGTest" name="loginToOrangeHRM" time="25.049"/>
  <testcase classname="testNGMethods.FirstTestNGTest" name="tearDown" time="0.176"/>
</testsuite> <!-- testNGMethods.FirstTestNGTest -->
