<?xml version="1.0" encoding="UTF-8"?>
<!-- Generated by org.testng.reporters.JUnitReportReporter -->
<testsuite hostname="Nagajothis-MacBook-Pro.local" failures="0" tests="3" name="testNGMethods.DataProviderTest" time="136.181" errors="0" timestamp="2023-06-23T18:27:53 NZST" skipped="0">
  <testcase classname="testNGMethods.DataProviderTest" name="verifyLogin" time="50.081"/>
  <system-out/>
  <testcase classname="testNGMethods.DataProviderTest" name="verifyLogin" time="39.305"/>
  <system-out/>
  <testcase classname="testNGMethods.DataProviderTest" name="verifyLogin" time="46.795"/>
  <system-out/>
</testsuite> <!-- testNGMethods.DataProviderTest -->
