<?xml version="1.0" encoding="UTF-8"?>
<!-- Generated by org.testng.reporters.JUnitReportReporter -->
<testsuite hostname="Nagajothis-MacBook-Pro.local" failures="0" tests="2" name="testNGMethods.Grouping" time="0.011" errors="0" timestamp="2023-06-22T19:14:46 NZST" skipped="0">
  <testcase classname="testNGMethods.Grouping" name="search" time="0.009"/>
  <system-out/>
  <testcase classname="testNGMethods.Grouping" name="courseSelect" time="0.002"/>
  <system-out/>
</testsuite> <!-- testNGMethods.Grouping -->
